This is pdfTeX, Version 3.141592653-2.6-1.40.25 (TeX Live 2023) (preloaded format=pdflatex 2023.10.13)  6 FEB 2024 13:08
entering extended mode
 restricted \write18 enabled.
 file:line:error style messages enabled.
 %&-line parsing enabled.
**/Users/louischabanon/dev/fiches_algo/regression_polynomiale/regression_poly.tex
(/Users/louischabanon/dev/fiches_algo/regression_polynomiale/regression_poly.tex
LaTeX2e <2023-06-01> patch level 1
L3 programming layer <2023-10-10>

! LaTeX Error: File `a0poster.cls' not found.

Type X to quit or <RETURN> to proceed,
or enter new name. (Default extension: cls)

Enter file name: 
/Users/louischabanon/dev/fiches_algo/regression_polynomiale/regression_poly.tex:22: Emergency stop.
<read *> 
         
l.22 ^^M
        
*** (cannot \read from terminal in nonstop modes)

 
Here is how much of TeX's memory you used:
 22 strings out of 476464
 673 string characters out of 5801127
 1920040 words of memory out of 5000000
 21840 multiletter control sequences out of 15000+600000
 558069 words of font info for 36 fonts, out of 8000000 for 9000
 14 hyphenation exceptions out of 8191
 19i,0n,29p,171b,17s stack positions out of 10000i,1000n,20000p,200000b,200000s
/Users/louischabanon/dev/fiches_algo/regression_polynomiale/regression_poly.tex:22:  ==> Fatal error occurred, no output PDF file produced!
